2019-07-30 16:33:13.019  INFO 17096 --- [main] c.g.mybatisplus.MybatisPlusApplication   : Starting MybatisPlusApplication on Developer08 with PID 17096 (E:\prolog\SpringBoot-Mybatis-Plus\target\classes started by Admin in E:\prolog\SpringBoot-Mybatis-Plus)
2019-07-30 16:33:13.025  INFO 17096 --- [main] c.g.mybatisplus.MybatisPlusApplication   : No active profile set, falling back to default profiles: default
2019-07-30 16:33:13.866  WARN 17096 --- [main] o.m.s.mapper.ClassPathMapperScanner      : No MyBatis mapper was found in '[com.gaoh.mybatisplus]' package. Please check your configuration.
2019-07-30 16:33:13.928  INFO 17096 --- [main] .s.d.r.c.RepositoryConfigurationDelegate : Multiple Spring Data modules found, entering strict repository configuration mode!
2019-07-30 16:33:13.938  INFO 17096 --- [main] .s.d.r.c.RepositoryConfigurationDelegate : Bootstrapping Spring Data repositories in DEFAULT mode.
2019-07-30 16:33:13.978  INFO 17096 --- [main] .s.d.r.c.RepositoryConfigurationDelegate : Finished Spring Data repository scanning in 9ms. Found 0 repository interfaces.
2019-07-30 16:33:14.077  INFO 17096 --- [main] o.s.c.a.ConfigurationClassPostProcessor  : Cannot enhance @Configuration bean definition 'mybatisPlusConfig' since its singleton instance has been created too early. The typical cause is a non-static @Bean method with a BeanDefinitionRegistryPostProcessor return type: Consider declaring such methods as 'static'.
2019-07-30 16:33:14.256  INFO 17096 --- [main] trationDelegate$BeanPostProcessorChecker : Bean 'org.springframework.transaction.annotation.ProxyTransactionManagementConfiguration' of type [org.springframework.transaction.annotation.ProxyTransactionManagementConfiguration$$EnhancerBySpringCGLIB$$bce2b21d] is not eligible for getting processed by all BeanPostProcessors (for example: not eligible for auto-proxying)
2019-07-30 16:33:14.484  INFO 17096 --- [main] o.s.b.w.embedded.tomcat.TomcatWebServer  : Tomcat initialized with port(s): 9090 (http)
2019-07-30 16:33:14.505  INFO 17096 --- [main] o.apache.catalina.core.StandardService   : Starting service [Tomcat]
2019-07-30 16:33:14.505  INFO 17096 --- [main] org.apache.catalina.core.StandardEngine  : Starting Servlet engine: [Apache Tomcat/9.0.21]
2019-07-30 16:33:14.512  INFO 17096 --- [main] o.a.catalina.core.AprLifecycleListener   : An older version [1.2.14] of the APR based Apache Tomcat Native library is installed, while Tomcat recommends a minimum version of [1.2.21]
2019-07-30 16:33:14.513  INFO 17096 --- [main] o.a.catalina.core.AprLifecycleListener   : Loaded APR based Apache Tomcat Native library [1.2.14] using APR version [1.6.2].
2019-07-30 16:33:14.513  INFO 17096 --- [main] o.a.catalina.core.AprLifecycleListener   : APR capabilities: IPv6 [true], sendfile [true], accept filters [false], random [true].
2019-07-30 16:33:14.513  INFO 17096 --- [main] o.a.catalina.core.AprLifecycleListener   : APR/OpenSSL configuration: useAprConnector [false], useOpenSSL [true]
2019-07-30 16:33:15.575  INFO 17096 --- [main] o.a.catalina.core.AprLifecycleListener   : OpenSSL successfully initialized [OpenSSL 1.0.2l  25 May 2017]
2019-07-30 16:33:15.656  INFO 17096 --- [main] o.a.c.c.C.[Tomcat].[localhost].[/]       : Initializing Spring embedded WebApplicationContext
2019-07-30 16:33:15.656  INFO 17096 --- [main] o.s.web.context.ContextLoader            : Root WebApplicationContext: initialization completed in 2552 ms
2019-07-30 16:33:15.879  INFO 17096 --- [main] c.a.d.s.b.a.DruidDataSourceAutoConfigure : Init DruidDataSource
2019-07-30 16:33:16.351  INFO 17096 --- [main] com.alibaba.druid.pool.DruidDataSource   : {dataSource-1} inited
2019-07-30 16:33:17.107  INFO 17096 --- [main] o.s.s.concurrent.ThreadPoolTaskExecutor  : Initializing ExecutorService 'applicationTaskExecutor'
2019-07-30 16:33:17.496  INFO 17096 --- [main] o.s.b.w.embedded.tomcat.TomcatWebServer  : Tomcat started on port(s): 9090 (http) with context path ''
2019-07-30 16:33:17.498  INFO 17096 --- [main] c.g.mybatisplus.MybatisPlusApplication   : Started MybatisPlusApplication in 5.024 seconds (JVM running for 6.131)
2019-07-30 16:34:04.364  INFO 17096 --- [http-nio-9090-exec-1] o.a.c.c.C.[Tomcat].[localhost].[/]       : Initializing Spring DispatcherServlet 'dispatcherServlet'
2019-07-30 16:34:04.364  INFO 17096 --- [http-nio-9090-exec-1] o.s.web.servlet.DispatcherServlet        : Initializing Servlet 'dispatcherServlet'
2019-07-30 16:34:04.370  INFO 17096 --- [http-nio-9090-exec-1] o.s.web.servlet.DispatcherServlet        : Completed initialization in 6 ms
2019-07-30 16:34:04.596  INFO 17096 --- [http-nio-9090-exec-1] io.lettuce.core.EpollProvider            : Starting without optional epoll library
2019-07-30 16:34:04.597  INFO 17096 --- [http-nio-9090-exec-1] io.lettuce.core.KqueueProvider           : Starting without optional kqueue library
2019-07-30 16:34:06.035 ERROR 17096 --- [http-nio-9090-exec-1] o.a.c.c.C.[.[.[/].[dispatcherServlet]    : Servlet.service() for servlet [dispatcherServlet] in context with path [] threw exception [Request processing failed; nested exception is org.springframework.data.redis.RedisConnectionFailureException: Unable to connect to Redis; nested exception is io.lettuce.core.RedisConnectionException: Unable to connect to localhost:6379] with root cause

java.net.ConnectException: Connection refused: no further information
	at sun.nio.ch.SocketChannelImpl.checkConnect(Native Method) ~[na:1.8.0_111]
	at sun.nio.ch.SocketChannelImpl.finishConnect(SocketChannelImpl.java:717) ~[na:1.8.0_111]
	at io.netty.channel.socket.nio.NioSocketChannel.doFinishConnect(NioSocketChannel.java:327) ~[netty-transport-4.1.36.Final.jar:4.1.36.Final]
	at io.netty.channel.nio.AbstractNioChannel$AbstractNioUnsafe.finishConnect(AbstractNioChannel.java:340) ~[netty-transport-4.1.36.Final.jar:4.1.36.Final]
	at io.netty.channel.nio.NioEventLoop.processSelectedKey(NioEventLoop.java:670) ~[netty-transport-4.1.36.Final.jar:4.1.36.Final]
	at io.netty.channel.nio.NioEventLoop.processSelectedKeysOptimized(NioEventLoop.java:617) ~[netty-transport-4.1.36.Final.jar:4.1.36.Final]
	at io.netty.channel.nio.NioEventLoop.processSelectedKeys(NioEventLoop.java:534) ~[netty-transport-4.1.36.Final.jar:4.1.36.Final]
	at io.netty.channel.nio.NioEventLoop.run(NioEventLoop.java:496) ~[netty-transport-4.1.36.Final.jar:4.1.36.Final]
	at io.netty.util.concurrent.SingleThreadEventExecutor$5.run(SingleThreadEventExecutor.java:906) ~[netty-common-4.1.36.Final.jar:4.1.36.Final]
	at io.netty.util.internal.ThreadExecutorMap$2.run(ThreadExecutorMap.java:74) ~[netty-common-4.1.36.Final.jar:4.1.36.Final]
	at io.netty.util.concurrent.FastThreadLocalRunnable.run(FastThreadLocalRunnable.java:30) ~[netty-common-4.1.36.Final.jar:4.1.36.Final]
	at java.lang.Thread.run(Thread.java:745) [na:1.8.0_111]

2019-07-30 16:35:01.130 DEBUG 17096 --- [http-nio-9090-exec-3] c.g.m.mapper.PapersMapper.selectById     : ==>  Preparing: SELECT ids,objCode,objType,filename,filetype,filesize,fileurl,filepath,suffixname,createDate,reserve1,reserve2,reserve3 FROM papers WHERE ids=? 
2019-07-30 16:35:01.185 DEBUG 17096 --- [http-nio-9090-exec-3] c.g.m.mapper.PapersMapper.selectById     : ==> Parameters: 34(Integer)
2019-07-30 16:35:01.293 DEBUG 17096 --- [http-nio-9090-exec-3] c.g.m.mapper.PapersMapper.selectById     : <==      Total: 1
2019-07-30 16:42:52.475  INFO 13344 --- [restartedMain] c.g.mybatisplus.MybatisPlusApplication   : Starting MybatisPlusApplication on Developer08 with PID 13344 (E:\prolog\SpringBoot-Mybatis-Plus\target\classes started by Admin in E:\prolog\SpringBoot-Mybatis-Plus)
2019-07-30 16:42:52.477  INFO 13344 --- [restartedMain] c.g.mybatisplus.MybatisPlusApplication   : No active profile set, falling back to default profiles: default
2019-07-30 16:42:52.516  INFO 13344 --- [restartedMain] .e.DevToolsPropertyDefaultsPostProcessor : Devtools property defaults active! Set 'spring.devtools.add-properties' to 'false' to disable
2019-07-30 16:42:52.517  INFO 13344 --- [restartedMain] .e.DevToolsPropertyDefaultsPostProcessor : For additional web related logging consider setting the 'logging.level.web' property to 'DEBUG'
2019-07-30 16:42:53.251  WARN 13344 --- [restartedMain] o.m.s.mapper.ClassPathMapperScanner      : No MyBatis mapper was found in '[com.gaoh.mybatisplus]' package. Please check your configuration.
2019-07-30 16:42:53.290  INFO 13344 --- [restartedMain] .s.d.r.c.RepositoryConfigurationDelegate : Multiple Spring Data modules found, entering strict repository configuration mode!
2019-07-30 16:42:53.293  INFO 13344 --- [restartedMain] .s.d.r.c.RepositoryConfigurationDelegate : Bootstrapping Spring Data repositories in DEFAULT mode.
2019-07-30 16:42:53.328  INFO 13344 --- [restartedMain] .s.d.r.c.RepositoryConfigurationDelegate : Finished Spring Data repository scanning in 9ms. Found 0 repository interfaces.
2019-07-30 16:42:53.429  INFO 13344 --- [restartedMain] o.s.c.a.ConfigurationClassPostProcessor  : Cannot enhance @Configuration bean definition 'mybatisPlusConfig' since its singleton instance has been created too early. The typical cause is a non-static @Bean method with a BeanDefinitionRegistryPostProcessor return type: Consider declaring such methods as 'static'.
2019-07-30 16:42:53.626  INFO 13344 --- [restartedMain] trationDelegate$BeanPostProcessorChecker : Bean 'org.springframework.transaction.annotation.ProxyTransactionManagementConfiguration' of type [org.springframework.transaction.annotation.ProxyTransactionManagementConfiguration$$EnhancerBySpringCGLIB$$fa8a6e84] is not eligible for getting processed by all BeanPostProcessors (for example: not eligible for auto-proxying)
2019-07-30 16:42:53.916  INFO 13344 --- [restartedMain] o.s.b.w.embedded.tomcat.TomcatWebServer  : Tomcat initialized with port(s): 9090 (http)
2019-07-30 16:42:53.936  INFO 13344 --- [restartedMain] o.apache.catalina.core.StandardService   : Starting service [Tomcat]
2019-07-30 16:42:53.936  INFO 13344 --- [restartedMain] org.apache.catalina.core.StandardEngine  : Starting Servlet engine: [Apache Tomcat/9.0.21]
2019-07-30 16:42:53.944  INFO 13344 --- [restartedMain] o.a.catalina.core.AprLifecycleListener   : An older version [1.2.14] of the APR based Apache Tomcat Native library is installed, while Tomcat recommends a minimum version of [1.2.21]
2019-07-30 16:42:53.945  INFO 13344 --- [restartedMain] o.a.catalina.core.AprLifecycleListener   : Loaded APR based Apache Tomcat Native library [1.2.14] using APR version [1.6.2].
2019-07-30 16:42:53.945  INFO 13344 --- [restartedMain] o.a.catalina.core.AprLifecycleListener   : APR capabilities: IPv6 [true], sendfile [true], accept filters [false], random [true].
2019-07-30 16:42:53.945  INFO 13344 --- [restartedMain] o.a.catalina.core.AprLifecycleListener   : APR/OpenSSL configuration: useAprConnector [false], useOpenSSL [true]
2019-07-30 16:42:55.029  INFO 13344 --- [restartedMain] o.a.catalina.core.AprLifecycleListener   : OpenSSL successfully initialized [OpenSSL 1.0.2l  25 May 2017]
2019-07-30 16:42:55.114  INFO 13344 --- [restartedMain] o.a.c.c.C.[Tomcat].[localhost].[/]       : Initializing Spring embedded WebApplicationContext
2019-07-30 16:42:55.114  INFO 13344 --- [restartedMain] o.s.web.context.ContextLoader            : Root WebApplicationContext: initialization completed in 2597 ms
2019-07-30 16:42:55.377  INFO 13344 --- [restartedMain] c.a.d.s.b.a.DruidDataSourceAutoConfigure : Init DruidDataSource
2019-07-30 16:42:55.695  INFO 13344 --- [restartedMain] com.alibaba.druid.pool.DruidDataSource   : {dataSource-1} inited
2019-07-30 16:42:56.258  INFO 13344 --- [restartedMain] o.s.s.concurrent.ThreadPoolTaskExecutor  : Initializing ExecutorService 'applicationTaskExecutor'
2019-07-30 16:42:56.589  INFO 13344 --- [restartedMain] o.s.b.d.a.OptionalLiveReloadServer       : LiveReload server is running on port 35729
2019-07-30 16:42:56.645  INFO 13344 --- [restartedMain] o.s.b.w.embedded.tomcat.TomcatWebServer  : Tomcat started on port(s): 9090 (http) with context path ''
2019-07-30 16:42:56.647  INFO 13344 --- [restartedMain] c.g.mybatisplus.MybatisPlusApplication   : Started MybatisPlusApplication in 4.657 seconds (JVM running for 5.776)
2019-07-30 16:43:13.675  INFO 13344 --- [http-nio-9090-exec-1] o.a.c.c.C.[Tomcat].[localhost].[/]       : Initializing Spring DispatcherServlet 'dispatcherServlet'
2019-07-30 16:43:13.676  INFO 13344 --- [http-nio-9090-exec-1] o.s.web.servlet.DispatcherServlet        : Initializing Servlet 'dispatcherServlet'
2019-07-30 16:43:13.683  INFO 13344 --- [http-nio-9090-exec-1] o.s.web.servlet.DispatcherServlet        : Completed initialization in 7 ms
2019-07-30 16:43:13.713  WARN 13344 --- [http-nio-9090-exec-1] .w.s.m.s.DefaultHandlerExceptionResolver : Resolved [org.springframework.web.HttpRequestMethodNotSupportedException: Request method 'POST' not supported]
2019-07-30 16:43:40.418  INFO 13344 --- [http-nio-9090-exec-3] io.lettuce.core.EpollProvider            : Starting without optional epoll library
2019-07-30 16:43:40.419  INFO 13344 --- [http-nio-9090-exec-3] io.lettuce.core.KqueueProvider           : Starting without optional kqueue library
2019-07-30 16:43:41.780 ERROR 13344 --- [http-nio-9090-exec-3] o.a.c.c.C.[.[.[/].[dispatcherServlet]    : Servlet.service() for servlet [dispatcherServlet] in context with path [] threw exception [Request processing failed; nested exception is org.springframework.data.redis.RedisConnectionFailureException: Unable to connect to Redis; nested exception is io.lettuce.core.RedisConnectionException: Unable to connect to localhost:6379] with root cause

java.net.ConnectException: Connection refused: no further information
	at sun.nio.ch.SocketChannelImpl.checkConnect(Native Method) ~[na:1.8.0_111]
	at sun.nio.ch.SocketChannelImpl.finishConnect(SocketChannelImpl.java:717) ~[na:1.8.0_111]
	at io.netty.channel.socket.nio.NioSocketChannel.doFinishConnect(NioSocketChannel.java:327) ~[netty-transport-4.1.36.Final.jar:4.1.36.Final]
	at io.netty.channel.nio.AbstractNioChannel$AbstractNioUnsafe.finishConnect(AbstractNioChannel.java:340) ~[netty-transport-4.1.36.Final.jar:4.1.36.Final]
	at io.netty.channel.nio.NioEventLoop.processSelectedKey(NioEventLoop.java:670) ~[netty-transport-4.1.36.Final.jar:4.1.36.Final]
	at io.netty.channel.nio.NioEventLoop.processSelectedKeysOptimized(NioEventLoop.java:617) ~[netty-transport-4.1.36.Final.jar:4.1.36.Final]
	at io.netty.channel.nio.NioEventLoop.processSelectedKeys(NioEventLoop.java:534) ~[netty-transport-4.1.36.Final.jar:4.1.36.Final]
	at io.netty.channel.nio.NioEventLoop.run(NioEventLoop.java:496) ~[netty-transport-4.1.36.Final.jar:4.1.36.Final]
	at io.netty.util.concurrent.SingleThreadEventExecutor$5.run(SingleThreadEventExecutor.java:906) ~[netty-common-4.1.36.Final.jar:4.1.36.Final]
	at io.netty.util.internal.ThreadExecutorMap$2.run(ThreadExecutorMap.java:74) ~[netty-common-4.1.36.Final.jar:4.1.36.Final]
	at io.netty.util.concurrent.FastThreadLocalRunnable.run(FastThreadLocalRunnable.java:30) ~[netty-common-4.1.36.Final.jar:4.1.36.Final]
	at java.lang.Thread.run(Thread.java:745) [na:1.8.0_111]

2019-07-30 16:44:11.856  INFO 13344 --- [Thread-15] o.s.s.concurrent.ThreadPoolTaskExecutor  : Shutting down ExecutorService 'applicationTaskExecutor'
2019-07-30 16:44:13.003  INFO 13344 --- [Thread-15] com.alibaba.druid.pool.DruidDataSource   : {dataSource-1} closed
2019-07-30 16:44:13.419  INFO 13344 --- [restartedMain] c.g.mybatisplus.MybatisPlusApplication   : Starting MybatisPlusApplication on Developer08 with PID 13344 (E:\prolog\SpringBoot-Mybatis-Plus\target\classes started by Admin in E:\prolog\SpringBoot-Mybatis-Plus)
2019-07-30 16:44:13.420  INFO 13344 --- [restartedMain] c.g.mybatisplus.MybatisPlusApplication   : No active profile set, falling back to default profiles: default
2019-07-30 16:44:13.687  WARN 13344 --- [restartedMain] o.m.s.mapper.ClassPathMapperScanner      : No MyBatis mapper was found in '[com.gaoh.mybatisplus]' package. Please check your configuration.
2019-07-30 16:44:13.698  INFO 13344 --- [restartedMain] .s.d.r.c.RepositoryConfigurationDelegate : Multiple Spring Data modules found, entering strict repository configuration mode!
2019-07-30 16:44:13.698  INFO 13344 --- [restartedMain] .s.d.r.c.RepositoryConfigurationDelegate : Bootstrapping Spring Data repositories in DEFAULT mode.
2019-07-30 16:44:13.701  INFO 13344 --- [restartedMain] .s.d.r.c.RepositoryConfigurationDelegate : Finished Spring Data repository scanning in 3ms. Found 0 repository interfaces.
2019-07-30 16:44:13.735  INFO 13344 --- [restartedMain] o.s.c.a.ConfigurationClassPostProcessor  : Cannot enhance @Configuration bean definition 'mybatisPlusConfig' since its singleton instance has been created too early. The typical cause is a non-static @Bean method with a BeanDefinitionRegistryPostProcessor return type: Consider declaring such methods as 'static'.
2019-07-30 16:44:13.754  INFO 13344 --- [restartedMain] trationDelegate$BeanPostProcessorChecker : Bean 'org.springframework.transaction.annotation.ProxyTransactionManagementConfiguration' of type [org.springframework.transaction.annotation.ProxyTransactionManagementConfiguration$$EnhancerBySpringCGLIB$$fa8a6e84] is not eligible for getting processed by all BeanPostProcessors (for example: not eligible for auto-proxying)
2019-07-30 16:44:13.813  INFO 13344 --- [restartedMain] o.s.b.w.embedded.tomcat.TomcatWebServer  : Tomcat initialized with port(s): 9090 (http)
2019-07-30 16:44:13.814  INFO 13344 --- [restartedMain] o.apache.catalina.core.StandardService   : Starting service [Tomcat]
2019-07-30 16:44:13.814  INFO 13344 --- [restartedMain] org.apache.catalina.core.StandardEngine  : Starting Servlet engine: [Apache Tomcat/9.0.21]
2019-07-30 16:44:13.814  INFO 13344 --- [restartedMain] o.a.catalina.core.AprLifecycleListener   : An older version [1.2.14] of the APR based Apache Tomcat Native library is installed, while Tomcat recommends a minimum version of [1.2.21]
2019-07-30 16:44:13.814  INFO 13344 --- [restartedMain] o.a.catalina.core.AprLifecycleListener   : Loaded APR based Apache Tomcat Native library [1.2.14] using APR version [1.6.2].
2019-07-30 16:44:13.814  INFO 13344 --- [restartedMain] o.a.catalina.core.AprLifecycleListener   : APR capabilities: IPv6 [true], sendfile [true], accept filters [false], random [true].
2019-07-30 16:44:13.814  INFO 13344 --- [restartedMain] o.a.catalina.core.AprLifecycleListener   : APR/OpenSSL configuration: useAprConnector [false], useOpenSSL [true]
2019-07-30 16:44:13.815  INFO 13344 --- [restartedMain] o.a.catalina.core.AprLifecycleListener   : OpenSSL successfully initialized [OpenSSL 1.0.2l  25 May 2017]
2019-07-30 16:44:13.831  INFO 13344 --- [restartedMain] o.a.c.c.C.[Tomcat].[localhost].[/]       : Initializing Spring embedded WebApplicationContext
2019-07-30 16:44:13.831  INFO 13344 --- [restartedMain] o.s.web.context.ContextLoader            : Root WebApplicationContext: initialization completed in 406 ms
2019-07-30 16:44:13.877  INFO 13344 --- [restartedMain] c.a.d.s.b.a.DruidDataSourceAutoConfigure : Init DruidDataSource
2019-07-30 16:44:13.928  INFO 13344 --- [restartedMain] com.alibaba.druid.pool.DruidDataSource   : {dataSource-2} inited
2019-07-30 16:44:14.054  INFO 13344 --- [restartedMain] o.s.s.concurrent.ThreadPoolTaskExecutor  : Initializing ExecutorService 'applicationTaskExecutor'
2019-07-30 16:44:14.131  INFO 13344 --- [restartedMain] o.s.b.d.a.OptionalLiveReloadServer       : LiveReload server is running on port 35729
2019-07-30 16:44:14.161  INFO 13344 --- [restartedMain] o.s.b.w.embedded.tomcat.TomcatWebServer  : Tomcat started on port(s): 9090 (http) with context path ''
2019-07-30 16:44:14.162  INFO 13344 --- [restartedMain] c.g.mybatisplus.MybatisPlusApplication   : Started MybatisPlusApplication in 0.78 seconds (JVM running for 83.291)
2019-07-30 16:44:14.164  INFO 13344 --- [restartedMain] .ConditionEvaluationDeltaLoggingListener : Condition evaluation unchanged
2019-07-30 16:44:17.802  INFO 13344 --- [http-nio-9090-exec-1] o.a.c.c.C.[Tomcat].[localhost].[/]       : Initializing Spring DispatcherServlet 'dispatcherServlet'
2019-07-30 16:44:17.802  INFO 13344 --- [http-nio-9090-exec-1] o.s.web.servlet.DispatcherServlet        : Initializing Servlet 'dispatcherServlet'
2019-07-30 16:44:17.811  INFO 13344 --- [http-nio-9090-exec-1] o.s.web.servlet.DispatcherServlet        : Completed initialization in 9 ms
2019-07-30 16:47:43.722  INFO 13344 --- [Thread-23] o.s.s.concurrent.ThreadPoolTaskExecutor  : Shutting down ExecutorService 'applicationTaskExecutor'
2019-07-30 16:47:44.835  INFO 13344 --- [Thread-23] com.alibaba.druid.pool.DruidDataSource   : {dataSource-2} closed
2019-07-30 16:47:45.115  INFO 13344 --- [restartedMain] c.g.mybatisplus.MybatisPlusApplication   : Starting MybatisPlusApplication on Developer08 with PID 13344 (E:\prolog\SpringBoot-Mybatis-Plus\target\classes started by Admin in E:\prolog\SpringBoot-Mybatis-Plus)
2019-07-30 16:47:45.115  INFO 13344 --- [restartedMain] c.g.mybatisplus.MybatisPlusApplication   : No active profile set, falling back to default profiles: default
2019-07-30 16:47:45.313  WARN 13344 --- [restartedMain] o.m.s.mapper.ClassPathMapperScanner      : No MyBatis mapper was found in '[com.gaoh.mybatisplus]' package. Please check your configuration.
2019-07-30 16:47:45.319  INFO 13344 --- [restartedMain] .s.d.r.c.RepositoryConfigurationDelegate : Multiple Spring Data modules found, entering strict repository configuration mode!
2019-07-30 16:47:45.319  INFO 13344 --- [restartedMain] .s.d.r.c.RepositoryConfigurationDelegate : Bootstrapping Spring Data repositories in DEFAULT mode.
2019-07-30 16:47:45.322  INFO 13344 --- [restartedMain] .s.d.r.c.RepositoryConfigurationDelegate : Finished Spring Data repository scanning in 3ms. Found 0 repository interfaces.
2019-07-30 16:47:45.347  INFO 13344 --- [restartedMain] o.s.c.a.ConfigurationClassPostProcessor  : Cannot enhance @Configuration bean definition 'mybatisPlusConfig' since its singleton instance has been created too early. The typical cause is a non-static @Bean method with a BeanDefinitionRegistryPostProcessor return type: Consider declaring such methods as 'static'.
2019-07-30 16:47:45.361  INFO 13344 --- [restartedMain] trationDelegate$BeanPostProcessorChecker : Bean 'org.springframework.transaction.annotation.ProxyTransactionManagementConfiguration' of type [org.springframework.transaction.annotation.ProxyTransactionManagementConfiguration$$EnhancerBySpringCGLIB$$fa8a6e84] is not eligible for getting processed by all BeanPostProcessors (for example: not eligible for auto-proxying)
2019-07-30 16:47:45.416  INFO 13344 --- [restartedMain] o.s.b.w.embedded.tomcat.TomcatWebServer  : Tomcat initialized with port(s): 9090 (http)
2019-07-30 16:47:45.416  INFO 13344 --- [restartedMain] o.apache.catalina.core.StandardService   : Starting service [Tomcat]
2019-07-30 16:47:45.417  INFO 13344 --- [restartedMain] org.apache.catalina.core.StandardEngine  : Starting Servlet engine: [Apache Tomcat/9.0.21]
2019-07-30 16:47:45.417  INFO 13344 --- [restartedMain] o.a.catalina.core.AprLifecycleListener   : An older version [1.2.14] of the APR based Apache Tomcat Native library is installed, while Tomcat recommends a minimum version of [1.2.21]
2019-07-30 16:47:45.417  INFO 13344 --- [restartedMain] o.a.catalina.core.AprLifecycleListener   : Loaded APR based Apache Tomcat Native library [1.2.14] using APR version [1.6.2].
2019-07-30 16:47:45.417  INFO 13344 --- [restartedMain] o.a.catalina.core.AprLifecycleListener   : APR capabilities: IPv6 [true], sendfile [true], accept filters [false], random [true].
2019-07-30 16:47:45.417  INFO 13344 --- [restartedMain] o.a.catalina.core.AprLifecycleListener   : APR/OpenSSL configuration: useAprConnector [false], useOpenSSL [true]
2019-07-30 16:47:45.417  INFO 13344 --- [restartedMain] o.a.catalina.core.AprLifecycleListener   : OpenSSL successfully initialized [OpenSSL 1.0.2l  25 May 2017]
2019-07-30 16:47:45.446  INFO 13344 --- [restartedMain] o.a.c.c.C.[Tomcat].[localhost].[/]       : Initializing Spring embedded WebApplicationContext
2019-07-30 16:47:45.446  INFO 13344 --- [restartedMain] o.s.web.context.ContextLoader            : Root WebApplicationContext: initialization completed in 329 ms
2019-07-30 16:47:45.492  INFO 13344 --- [restartedMain] c.a.d.s.b.a.DruidDataSourceAutoConfigure : Init DruidDataSource
2019-07-30 16:47:45.539  INFO 13344 --- [restartedMain] com.alibaba.druid.pool.DruidDataSource   : {dataSource-3} inited
2019-07-30 16:47:45.631  INFO 13344 --- [restartedMain] o.s.s.concurrent.ThreadPoolTaskExecutor  : Initializing ExecutorService 'applicationTaskExecutor'
2019-07-30 16:47:45.698  INFO 13344 --- [restartedMain] o.s.b.d.a.OptionalLiveReloadServer       : LiveReload server is running on port 35729
2019-07-30 16:47:45.719  INFO 13344 --- [restartedMain] o.s.b.w.embedded.tomcat.TomcatWebServer  : Tomcat started on port(s): 9090 (http) with context path ''
2019-07-30 16:47:45.720  INFO 13344 --- [restartedMain] c.g.mybatisplus.MybatisPlusApplication   : Started MybatisPlusApplication in 0.629 seconds (JVM running for 294.85)
2019-07-30 16:47:45.721  INFO 13344 --- [restartedMain] .ConditionEvaluationDeltaLoggingListener : Condition evaluation unchanged
2019-07-30 16:50:31.135  INFO 13344 --- [Thread-29] o.s.s.concurrent.ThreadPoolTaskExecutor  : Shutting down ExecutorService 'applicationTaskExecutor'
2019-07-30 16:50:31.145  INFO 13344 --- [Thread-29] com.alibaba.druid.pool.DruidDataSource   : {dataSource-3} closed
2019-07-30 16:50:31.625  INFO 13344 --- [restartedMain] c.g.mybatisplus.MybatisPlusApplication   : Starting MybatisPlusApplication on Developer08 with PID 13344 (E:\prolog\SpringBoot-Mybatis-Plus\target\classes started by Admin in E:\prolog\SpringBoot-Mybatis-Plus)
2019-07-30 16:50:31.626  INFO 13344 --- [restartedMain] c.g.mybatisplus.MybatisPlusApplication   : No active profile set, falling back to default profiles: default
2019-07-30 16:50:31.885  WARN 13344 --- [restartedMain] o.m.s.mapper.ClassPathMapperScanner      : No MyBatis mapper was found in '[com.gaoh.mybatisplus]' package. Please check your configuration.
2019-07-30 16:50:31.894  INFO 13344 --- [restartedMain] .s.d.r.c.RepositoryConfigurationDelegate : Multiple Spring Data modules found, entering strict repository configuration mode!
2019-07-30 16:50:31.894  INFO 13344 --- [restartedMain] .s.d.r.c.RepositoryConfigurationDelegate : Bootstrapping Spring Data repositories in DEFAULT mode.
2019-07-30 16:50:31.897  INFO 13344 --- [restartedMain] .s.d.r.c.RepositoryConfigurationDelegate : Finished Spring Data repository scanning in 3ms. Found 0 repository interfaces.
2019-07-30 16:50:31.929  INFO 13344 --- [restartedMain] o.s.c.a.ConfigurationClassPostProcessor  : Cannot enhance @Configuration bean definition 'mybatisPlusConfig' since its singleton instance has been created too early. The typical cause is a non-static @Bean method with a BeanDefinitionRegistryPostProcessor return type: Consider declaring such methods as 'static'.
2019-07-30 16:50:31.949  INFO 13344 --- [restartedMain] trationDelegate$BeanPostProcessorChecker : Bean 'org.springframework.transaction.annotation.ProxyTransactionManagementConfiguration' of type [org.springframework.transaction.annotation.ProxyTransactionManagementConfiguration$$EnhancerBySpringCGLIB$$fa8a6e84] is not eligible for getting processed by all BeanPostProcessors (for example: not eligible for auto-proxying)
2019-07-30 16:50:32.010  INFO 13344 --- [restartedMain] o.s.b.w.embedded.tomcat.TomcatWebServer  : Tomcat initialized with port(s): 9090 (http)
2019-07-30 16:50:32.011  INFO 13344 --- [restartedMain] o.apache.catalina.core.StandardService   : Starting service [Tomcat]
2019-07-30 16:50:32.011  INFO 13344 --- [restartedMain] org.apache.catalina.core.StandardEngine  : Starting Servlet engine: [Apache Tomcat/9.0.21]
2019-07-30 16:50:32.011  INFO 13344 --- [restartedMain] o.a.catalina.core.AprLifecycleListener   : An older version [1.2.14] of the APR based Apache Tomcat Native library is installed, while Tomcat recommends a minimum version of [1.2.21]
2019-07-30 16:50:32.011  INFO 13344 --- [restartedMain] o.a.catalina.core.AprLifecycleListener   : Loaded APR based Apache Tomcat Native library [1.2.14] using APR version [1.6.2].
2019-07-30 16:50:32.011  INFO 13344 --- [restartedMain] o.a.catalina.core.AprLifecycleListener   : APR capabilities: IPv6 [true], sendfile [true], accept filters [false], random [true].
2019-07-30 16:50:32.011  INFO 13344 --- [restartedMain] o.a.catalina.core.AprLifecycleListener   : APR/OpenSSL configuration: useAprConnector [false], useOpenSSL [true]
2019-07-30 16:50:32.012  INFO 13344 --- [restartedMain] o.a.catalina.core.AprLifecycleListener   : OpenSSL successfully initialized [OpenSSL 1.0.2l  25 May 2017]
2019-07-30 16:50:32.040  INFO 13344 --- [restartedMain] o.a.c.c.C.[Tomcat].[localhost].[/]       : Initializing Spring embedded WebApplicationContext
2019-07-30 16:50:32.040  INFO 13344 --- [restartedMain] o.s.web.context.ContextLoader            : Root WebApplicationContext: initialization completed in 410 ms
2019-07-30 16:50:32.096  INFO 13344 --- [restartedMain] c.a.d.s.b.a.DruidDataSourceAutoConfigure : Init DruidDataSource
2019-07-30 16:50:32.152  INFO 13344 --- [restartedMain] com.alibaba.druid.pool.DruidDataSource   : {dataSource-4} inited
2019-07-30 16:50:32.432  INFO 13344 --- [restartedMain] o.s.s.concurrent.ThreadPoolTaskExecutor  : Initializing ExecutorService 'applicationTaskExecutor'
2019-07-30 16:50:32.577  INFO 13344 --- [restartedMain] o.s.b.d.a.OptionalLiveReloadServer       : LiveReload server is running on port 35729
2019-07-30 16:50:32.617  INFO 13344 --- [restartedMain] o.s.b.w.embedded.tomcat.TomcatWebServer  : Tomcat started on port(s): 9090 (http) with context path ''
2019-07-30 16:50:32.618  INFO 13344 --- [restartedMain] c.g.mybatisplus.MybatisPlusApplication   : Started MybatisPlusApplication in 1.115 seconds (JVM running for 461.747)
2019-07-30 16:50:32.620  INFO 13344 --- [restartedMain] .ConditionEvaluationDeltaLoggingListener : Condition evaluation unchanged
2019-07-30 16:50:43.476  INFO 13344 --- [http-nio-9090-exec-1] o.a.c.c.C.[Tomcat].[localhost].[/]       : Initializing Spring DispatcherServlet 'dispatcherServlet'
2019-07-30 16:50:43.477  INFO 13344 --- [http-nio-9090-exec-1] o.s.web.servlet.DispatcherServlet        : Initializing Servlet 'dispatcherServlet'
2019-07-30 16:50:43.481  INFO 13344 --- [http-nio-9090-exec-1] o.s.web.servlet.DispatcherServlet        : Completed initialization in 4 ms
2019-07-30 16:50:49.050 DEBUG 13344 --- [http-nio-9090-exec-1] c.g.m.mapper.PapersMapper.selectById     : ==>  Preparing: SELECT ids,objCode,objType,filename,filetype,filesize,fileurl,filepath,suffixname,createDate,reserve1,reserve2,reserve3 FROM papers WHERE ids=? 
2019-07-30 16:50:49.077 DEBUG 13344 --- [http-nio-9090-exec-1] c.g.m.mapper.PapersMapper.selectById     : ==> Parameters: 34(Integer)
2019-07-30 16:50:49.187 DEBUG 13344 --- [http-nio-9090-exec-1] c.g.m.mapper.PapersMapper.selectById     : <==      Total: 1
